<?xml version="1.0" encoding="UTF-8"?>
<testsuite xmlns:xsi="http://www.w3.org/2001/XMLSchema-instance" xsi:noNamespaceSchemaLocation="https://maven.apache.org/surefire/maven-surefire-plugin/xsd/surefire-test-report.xsd" name="TestSuite" time="12.356" tests="6" errors="0" skipped="5" failures="1">
  <properties>
[...]
</properties>
  <testcase name="init" classname="testngprogms.PerformLogin" time="12.077">
    <failure message="session not created: This version of ChromeDriver only supports Chrome version 106&#10;Current browser version is 109.0.5414.120 with binary path C:\Program Files\Google\Chrome\Application\chrome.exe&#10;Build info: version: &apos;3.141.59&apos;, revision: &apos;e82be7d358&apos;, time: &apos;2018-11-14T08:17:03&apos;&#10;System info: host: &apos;LAPTOP-UVUL5OT0&apos;, ip: &apos;192.168.1.8&apos;, os.name: &apos;Windows 10&apos;, os.arch: &apos;amd64&apos;, os.version: &apos;10.0&apos;, java.version: &apos;1.8.0_301&apos;&#10;Driver info: driver.version: ChromeDriver&#10;remote stacktrace: Backtrace:&#10;	Ordinal0 [0x007C1ED3+2236115]&#10;	Ordinal0 [0x007592F1+1807089]&#10;	Ordinal0 [0x006666FD+812797]&#10;	Ordinal0 [0x00688C6D+953453]&#10;	Ordinal0 [0x00684200+934400]&#10;	Ordinal0 [0x006819C9+924105]&#10;	Ordinal0 [0x006B806C+1146988]&#10;	Ordinal0 [0x006B7A6A+1145450]&#10;	Ordinal0 [0x006B18A6+1120422]&#10;	Ordinal0 [0x0068A73D+960317]&#10;	Ordinal0 [0x0068B71F+964383]&#10;	GetHandleVerifier [0x00A6E7E2+2743074]&#10;	GetHandleVerifier [0x00A608D4+2685972]&#10;	GetHandleVerifier [0x00852BAA+532202]&#10;	GetHandleVerifier [0x00851990+527568]&#10;	Ordinal0 [0x0076080C+1837068]&#10;	Ordinal0 [0x00764CD8+1854680]&#10;	Ordinal0 [0x00764DC5+1854917]&#10;	Ordinal0 [0x0076ED64+1895780]&#10;	BaseThreadInitThunk [0x75A16BD9+25]&#10;	RtlGetFullPathName_UEx [0x77BF8FD2+1218]&#10;	RtlGetFullPathName_UEx [0x77BF8F9D+1165]&#10;" type="org.openqa.selenium.SessionNotCreatedException">org.openqa.selenium.SessionNotCreatedException: 
session not created: This version of ChromeDriver only supports Chrome version 106
Current browser version is 109.0.5414.120 with binary path C:\Program Files\Google\Chrome\Application\chrome.exe
Build info: version: '3.141.59', revision: 'e82be7d358', time: '2018-11-14T08:17:03'
System info: host: 'LAPTOP-UVUL5OT0', ip: '192.168.1.8', os.name: 'Windows 10', os.arch: 'amd64', os.version: '10.0', java.version: '1.8.0_301'
Driver info: driver.version: ChromeDriver
remote stacktrace: Backtrace:
	Ordinal0 [0x007C1ED3+2236115]
	Ordinal0 [0x007592F1+1807089]
	Ordinal0 [0x006666FD+812797]
	Ordinal0 [0x00688C6D+953453]
	Ordinal0 [0x00684200+934400]
	Ordinal0 [0x006819C9+924105]
	Ordinal0 [0x006B806C+1146988]
	Ordinal0 [0x006B7A6A+1145450]
	Ordinal0 [0x006B18A6+1120422]
	Ordinal0 [0x0068A73D+960317]
	Ordinal0 [0x0068B71F+964383]
	GetHandleVerifier [0x00A6E7E2+2743074]
	GetHandleVerifier [0x00A608D4+2685972]
	GetHandleVerifier [0x00852BAA+532202]
	GetHandleVerifier [0x00851990+527568]
	Ordinal0 [0x0076080C+1837068]
	Ordinal0 [0x00764CD8+1854680]
	Ordinal0 [0x00764DC5+1854917]
	Ordinal0 [0x0076ED64+1895780]
	BaseThreadInitThunk [0x75A16BD9+25]
	RtlGetFullPathName_UEx [0x77BF8FD2+1218]
	RtlGetFullPathName_UEx [0x77BF8F9D+1165]

	at testngprogms.PerformLogin.init(PerformLogin.java:20)
</failure>
    <system-out><![CDATA[[TestNGContentHandler] [WARN] It is strongly recommended to add "<!DOCTYPE suite SYSTEM "http://testng.org/testng-1.0.dtd" >" at the top of your file, otherwise TestNG may fail or not work as expected.
]]></system-out>
    <system-err><![CDATA[Starting ChromeDriver 106.0.5249.61 (511755355844955cd3e264779baf0dd38212a4d0-refs/branch-heads/5249@{#569}) on port 42307
Only local connections are allowed.
Please see https://chromedriver.chromium.org/security-considerations for suggestions on keeping ChromeDriver safe.
ChromeDriver was started successfully.
]]></system-err>
  </testcase>
  <testcase name="init" classname="testngprogms.PerformLogin" time="0">
    <skipped/>
  </testcase>
  <testcase name="TC2" classname="testngprogms.PerformLogin" time="0">
    <skipped message="session not created: This version of ChromeDriver only supports Chrome version 106&#10;Current browser version is 109.0.5414.120 with binary path C:\Program Files\Google\Chrome\Application\chrome.exe&#10;Build info: version: &apos;3.141.59&apos;, revision: &apos;e82be7d358&apos;, time: &apos;2018-11-14T08:17:03&apos;&#10;System info: host: &apos;LAPTOP-UVUL5OT0&apos;, ip: &apos;192.168.1.8&apos;, os.name: &apos;Windows 10&apos;, os.arch: &apos;amd64&apos;, os.version: &apos;10.0&apos;, java.version: &apos;1.8.0_301&apos;&#10;Driver info: driver.version: ChromeDriver&#10;remote stacktrace: Backtrace:&#10;	Ordinal0 [0x007C1ED3+2236115]&#10;	Ordinal0 [0x007592F1+1807089]&#10;	Ordinal0 [0x006666FD+812797]&#10;	Ordinal0 [0x00688C6D+953453]&#10;	Ordinal0 [0x00684200+934400]&#10;	Ordinal0 [0x006819C9+924105]&#10;	Ordinal0 [0x006B806C+1146988]&#10;	Ordinal0 [0x006B7A6A+1145450]&#10;	Ordinal0 [0x006B18A6+1120422]&#10;	Ordinal0 [0x0068A73D+960317]&#10;	Ordinal0 [0x0068B71F+964383]&#10;	GetHandleVerifier [0x00A6E7E2+2743074]&#10;	GetHandleVerifier [0x00A608D4+2685972]&#10;	GetHandleVerifier [0x00852BAA+532202]&#10;	GetHandleVerifier [0x00851990+527568]&#10;	Ordinal0 [0x0076080C+1837068]&#10;	Ordinal0 [0x00764CD8+1854680]&#10;	Ordinal0 [0x00764DC5+1854917]&#10;	Ordinal0 [0x0076ED64+1895780]&#10;	BaseThreadInitThunk [0x75A16BD9+25]&#10;	RtlGetFullPathName_UEx [0x77BF8FD2+1218]&#10;	RtlGetFullPathName_UEx [0x77BF8F9D+1165]&#10;"/>
  </testcase>
  <testcase name="close" classname="testngprogms.PerformLogin" time="0">
    <skipped/>
  </testcase>
  <testcase name="close" classname="testngprogms.PerformLogin" time="0">
    <skipped/>
  </testcase>
  <testcase name="loginApp" classname="testngprogms.PerformLogin" time="0">
    <skipped message="session not created: This version of ChromeDriver only supports Chrome version 106&#10;Current browser version is 109.0.5414.120 with binary path C:\Program Files\Google\Chrome\Application\chrome.exe&#10;Build info: version: &apos;3.141.59&apos;, revision: &apos;e82be7d358&apos;, time: &apos;2018-11-14T08:17:03&apos;&#10;System info: host: &apos;LAPTOP-UVUL5OT0&apos;, ip: &apos;192.168.1.8&apos;, os.name: &apos;Windows 10&apos;, os.arch: &apos;amd64&apos;, os.version: &apos;10.0&apos;, java.version: &apos;1.8.0_301&apos;&#10;Driver info: driver.version: ChromeDriver&#10;remote stacktrace: Backtrace:&#10;	Ordinal0 [0x007C1ED3+2236115]&#10;	Ordinal0 [0x007592F1+1807089]&#10;	Ordinal0 [0x006666FD+812797]&#10;	Ordinal0 [0x00688C6D+953453]&#10;	Ordinal0 [0x00684200+934400]&#10;	Ordinal0 [0x006819C9+924105]&#10;	Ordinal0 [0x006B806C+1146988]&#10;	Ordinal0 [0x006B7A6A+1145450]&#10;	Ordinal0 [0x006B18A6+1120422]&#10;	Ordinal0 [0x0068A73D+960317]&#10;	Ordinal0 [0x0068B71F+964383]&#10;	GetHandleVerifier [0x00A6E7E2+2743074]&#10;	GetHandleVerifier [0x00A608D4+2685972]&#10;	GetHandleVerifier [0x00852BAA+532202]&#10;	GetHandleVerifier [0x00851990+527568]&#10;	Ordinal0 [0x0076080C+1837068]&#10;	Ordinal0 [0x00764CD8+1854680]&#10;	Ordinal0 [0x00764DC5+1854917]&#10;	Ordinal0 [0x0076ED64+1895780]&#10;	BaseThreadInitThunk [0x75A16BD9+25]&#10;	RtlGetFullPathName_UEx [0x77BF8FD2+1218]&#10;	RtlGetFullPathName_UEx [0x77BF8F9D+1165]&#10;"/>
  </testcase>
</testsuite>